2025-05-26 15:38:44.545 [TestNG-PoolService-0] INFO  config.EnhancedLogger - Default submission type not found in config.json, using hardcoded value
2025-05-26 15:38:44.563 [TestNG-PoolService-0] INFO  config.EnhancedLogger - Configuration loaded successfully from JSON
2025-05-26 15:38:51.668 [TestNG-PoolService-0] INFO  config.EnhancedLogger - Browser started: CHROME vlatest with implicit wait: 30s
2025-05-26 15:40:50.758 [TestNG-PoolService-0] INFO  config.EnhancedLogger - Closing browser
2025-05-26 15:40:51.599 [TestNG-PoolService-0] INFO  config.EnhancedLogger - Force killing any hanging Chrome processes
2025-05-26 15:41:40.514 [main] INFO  config.EnhancedLogger - Default submission type not found in config.json, using hardcoded value
2025-05-26 15:41:40.520 [main] INFO  config.EnhancedLogger - Configuration loaded successfully from JSON
2025-05-26 15:41:44.324 [main] INFO  config.EnhancedLogger - Browser started: CHROME v with implicit wait: 30s
2025-05-26 15:43:07.000 [main] INFO  config.EnhancedLogger - Default submission type not found in config.json, using hardcoded value
2025-05-26 15:43:07.007 [main] INFO  config.EnhancedLogger - Configuration loaded successfully from JSON
2025-05-26 15:43:10.813 [main] INFO  config.EnhancedLogger - Browser started: CHROME v with implicit wait: 30s
2025-05-26 15:45:06.849 [main] INFO  config.EnhancedLogger - Closing browser
2025-05-26 15:45:07.772 [main] INFO  config.EnhancedLogger - Force killing any hanging Chrome processes
2025-05-26 16:57:55.004 [main] INFO  config.EnhancedLogger - Default submission type not found in config.json, using hardcoded value
2025-05-26 16:57:55.009 [main] INFO  config.EnhancedLogger - Configuration loaded successfully from JSON
2025-05-26 16:57:58.797 [main] INFO  config.EnhancedLogger - Browser started: CHROME v with implicit wait: 30s
2025-05-26 16:58:48.095 [main] INFO  config.EnhancedLogger - Default submission type not found in config.json, using hardcoded value
2025-05-26 16:58:48.101 [main] INFO  config.EnhancedLogger - Configuration loaded successfully from JSON
2025-05-26 16:58:52.442 [main] INFO  config.EnhancedLogger - Browser started: CHROME v with implicit wait: 30s
2025-05-26 16:59:09.166 [main] INFO  config.EnhancedLogger - Default submission type not found in config.json, using hardcoded value
2025-05-26 16:59:09.171 [main] INFO  config.EnhancedLogger - Configuration loaded successfully from JSON
2025-05-26 16:59:13.058 [main] INFO  config.EnhancedLogger - Browser started: CHROME v with implicit wait: 30s
2025-05-26 17:01:06.356 [main] INFO  config.EnhancedLogger - Closing browser
2025-05-26 17:01:07.139 [main] INFO  config.EnhancedLogger - Force killing any hanging Chrome processes
2025-05-26 17:11:49.241 [main] INFO  config.EnhancedLogger - Default submission type not found in config.json, using hardcoded value
2025-05-26 17:11:49.246 [main] INFO  config.EnhancedLogger - Configuration loaded successfully from JSON
2025-05-26 17:11:52.965 [main] INFO  config.EnhancedLogger - Browser started: CHROME v with implicit wait: 30s
2025-05-26 17:13:49.418 [main] INFO  config.EnhancedLogger - Closing browser
2025-05-26 17:13:50.242 [main] INFO  config.EnhancedLogger - Force killing any hanging Chrome processes
2025-05-26 17:50:58.807 [main] INFO  config.EnhancedLogger - Default submission type not found in config.json, using hardcoded value
2025-05-26 17:50:58.812 [main] INFO  config.EnhancedLogger - Configuration loaded successfully from JSON
2025-05-26 17:51:02.257 [main] INFO  config.EnhancedLogger - Browser started: CHROME v with implicit wait: 30s
2025-05-26 17:51:44.442 [main] INFO  config.EnhancedLogger - Default submission type not found in config.json, using hardcoded value
2025-05-26 17:51:44.447 [main] INFO  config.EnhancedLogger - Configuration loaded successfully from JSON
2025-05-26 17:51:48.045 [main] INFO  config.EnhancedLogger - Browser started: CHROME v with implicit wait: 30s
2025-05-26 17:53:49.099 [main] INFO  config.EnhancedLogger - Closing browser
2025-05-26 17:53:49.870 [main] INFO  config.EnhancedLogger - Force killing any hanging Chrome processes
2025-05-26 17:58:47.408 [main] INFO  config.EnhancedLogger - Default submission type not found in config.json, using hardcoded value
2025-05-26 17:58:47.414 [main] INFO  config.EnhancedLogger - Configuration loaded successfully from JSON
2025-05-26 17:58:50.912 [main] INFO  config.EnhancedLogger - Browser started: CHROME v with implicit wait: 30s
2025-05-26 18:00:44.981 [main] INFO  config.EnhancedLogger - Closing browser
2025-05-26 18:00:47.453 [main] INFO  config.EnhancedLogger - Force killing any hanging Chrome processes
2025-05-26 18:04:54.852 [main] INFO  config.EnhancedLogger - Default submission type not found in config.json, using hardcoded value
2025-05-26 18:04:54.857 [main] INFO  config.EnhancedLogger - Configuration loaded successfully from JSON
2025-05-26 18:04:58.746 [main] INFO  config.EnhancedLogger - Browser started: CHROME v with implicit wait: 30s
2025-05-26 18:05:59.525 [main] INFO  config.EnhancedLogger - Default submission type not found in config.json, using hardcoded value
2025-05-26 18:05:59.531 [main] INFO  config.EnhancedLogger - Configuration loaded successfully from JSON
2025-05-26 18:06:03.300 [main] INFO  config.EnhancedLogger - Browser started: CHROME v with implicit wait: 30s
2025-05-26 18:08:08.673 [main] INFO  config.EnhancedLogger - Closing browser
2025-05-26 18:08:09.561 [main] INFO  config.EnhancedLogger - Force killing any hanging Chrome processes
2025-05-26 18:09:12.697 [main] INFO  config.EnhancedLogger - Default submission type not found in config.json, using hardcoded value
2025-05-26 18:09:12.703 [main] INFO  config.EnhancedLogger - Configuration loaded successfully from JSON
2025-05-26 18:09:16.432 [main] INFO  config.EnhancedLogger - Browser started: CHROME v with implicit wait: 30s
2025-05-26 18:11:46.869 [main] INFO  config.EnhancedLogger - Closing browser
2025-05-26 18:11:47.615 [main] INFO  config.EnhancedLogger - Force killing any hanging Chrome processes
2025-05-26 18:27:58.454 [main] INFO  config.EnhancedLogger - Default submission type not found in config.json, using hardcoded value
2025-05-26 18:27:58.460 [main] INFO  config.EnhancedLogger - Configuration loaded successfully from JSON
2025-05-26 18:28:02.276 [main] INFO  config.EnhancedLogger - Browser started: CHROME v with implicit wait: 30s
2025-05-26 18:29:10.655 [main] INFO  config.EnhancedLogger - Closing browser
2025-05-26 18:29:11.987 [main] INFO  config.EnhancedLogger - Force killing any hanging Chrome processes
2025-05-26 18:49:01.892 [main] INFO  config.EnhancedLogger - Default submission type not found in config.json, using hardcoded value
2025-05-26 18:49:01.897 [main] INFO  config.EnhancedLogger - Configuration loaded successfully from JSON
2025-05-26 18:49:05.963 [main] INFO  config.EnhancedLogger - Browser started: CHROME v with implicit wait: 30s
2025-05-26 18:49:28.957 [main] INFO  config.EnhancedLogger - Default submission type not found in config.json, using hardcoded value
2025-05-26 18:49:28.962 [main] INFO  config.EnhancedLogger - Configuration loaded successfully from JSON
2025-05-26 18:49:32.540 [main] INFO  config.EnhancedLogger - Browser started: CHROME v with implicit wait: 30s
2025-05-26 18:50:00.268 [main] INFO  config.EnhancedLogger - Default submission type not found in config.json, using hardcoded value
2025-05-26 18:50:00.273 [main] INFO  config.EnhancedLogger - Configuration loaded successfully from JSON
2025-05-26 18:50:03.850 [main] INFO  config.EnhancedLogger - Browser started: CHROME v with implicit wait: 30s
2025-05-26 18:51:08.866 [main] INFO  config.EnhancedLogger - Closing browser
2025-05-26 18:51:09.666 [main] INFO  config.EnhancedLogger - Force killing any hanging Chrome processes
2025-05-26 18:56:54.757 [main] INFO  config.EnhancedLogger - Default submission type not found in config.json, using hardcoded value
2025-05-26 18:56:54.763 [main] INFO  config.EnhancedLogger - Configuration loaded successfully from JSON
2025-05-26 18:56:58.300 [main] INFO  config.EnhancedLogger - Browser started: CHROME v with implicit wait: 30s
2025-05-26 18:57:27.473 [main] INFO  config.EnhancedLogger - Closing browser
2025-05-26 18:57:28.273 [main] INFO  config.EnhancedLogger - Force killing any hanging Chrome processes
2025-05-26 18:58:07.047 [main] INFO  config.EnhancedLogger - Default submission type not found in config.json, using hardcoded value
2025-05-26 18:58:07.052 [main] INFO  config.EnhancedLogger - Configuration loaded successfully from JSON
2025-05-26 18:58:10.507 [main] INFO  config.EnhancedLogger - Browser started: CHROME v with implicit wait: 30s
2025-05-26 18:59:25.126 [main] INFO  config.EnhancedLogger - Closing browser
2025-05-26 18:59:25.909 [main] INFO  config.EnhancedLogger - Force killing any hanging Chrome processes
2025-05-26 19:01:24.654 [main] INFO  config.EnhancedLogger - Default submission type not found in config.json, using hardcoded value
2025-05-26 19:01:24.659 [main] INFO  config.EnhancedLogger - Configuration loaded successfully from JSON
2025-05-26 19:01:28.182 [main] INFO  config.EnhancedLogger - Browser started: CHROME v with implicit wait: 30s
2025-05-26 19:02:44.297 [main] INFO  config.EnhancedLogger - Default submission type not found in config.json, using hardcoded value
2025-05-26 19:02:44.304 [main] INFO  config.EnhancedLogger - Configuration loaded successfully from JSON
2025-05-26 19:02:47.739 [main] INFO  config.EnhancedLogger - Browser started: CHROME v with implicit wait: 30s
2025-05-26 19:06:54.417 [main] INFO  config.EnhancedLogger - Default submission type not found in config.json, using hardcoded value
2025-05-26 19:06:54.427 [main] INFO  config.EnhancedLogger - Configuration loaded successfully from JSON
2025-05-26 19:06:58.226 [main] INFO  config.EnhancedLogger - Browser started: CHROME v with implicit wait: 30s
2025-05-26 19:07:58.053 [main] INFO  config.EnhancedLogger - Closing browser
2025-05-26 19:07:58.939 [main] INFO  config.EnhancedLogger - Force killing any hanging Chrome processes
2025-05-26 19:09:16.846 [main] INFO  config.EnhancedLogger - Default submission type not found in config.json, using hardcoded value
2025-05-26 19:09:16.851 [main] INFO  config.EnhancedLogger - Configuration loaded successfully from JSON
2025-05-26 19:09:21.490 [main] INFO  config.EnhancedLogger - Browser started: CHROME v with implicit wait: 30s
2025-05-26 19:10:46.773 [main] INFO  config.EnhancedLogger - Closing browser
2025-05-26 19:10:47.646 [main] INFO  config.EnhancedLogger - Force killing any hanging Chrome processes
2025-05-26 19:23:16.781 [main] INFO  config.EnhancedLogger - Default submission type not found in config.json, using hardcoded value
2025-05-26 19:23:16.787 [main] INFO  config.EnhancedLogger - Configuration loaded successfully from JSON
2025-05-26 19:23:20.666 [main] INFO  config.EnhancedLogger - Browser started: CHROME v with implicit wait: 30s
2025-05-26 19:24:12.111 [main] INFO  config.EnhancedLogger - Closing browser
2025-05-26 19:24:13.243 [main] INFO  config.EnhancedLogger - Force killing any hanging Chrome processes
2025-05-26 19:29:08.315 [main] INFO  config.EnhancedLogger - Default submission type not found in config.json, using hardcoded value
2025-05-26 19:29:08.320 [main] INFO  config.EnhancedLogger - Configuration loaded successfully from JSON
2025-05-26 19:29:11.859 [main] INFO  config.EnhancedLogger - Browser started: CHROME v with implicit wait: 30s
2025-05-26 19:30:16.924 [main] INFO  config.EnhancedLogger - Closing browser
2025-05-26 19:30:17.758 [main] INFO  config.EnhancedLogger - Force killing any hanging Chrome processes
2025-05-26 19:31:24.240 [main] INFO  config.EnhancedLogger - Default submission type not found in config.json, using hardcoded value
2025-05-26 19:31:24.245 [main] INFO  config.EnhancedLogger - Configuration loaded successfully from JSON
2025-05-26 19:31:27.829 [main] INFO  config.EnhancedLogger - Browser started: CHROME v with implicit wait: 30s
2025-05-26 19:32:33.926 [main] INFO  config.EnhancedLogger - Closing browser
2025-05-26 19:32:34.722 [main] INFO  config.EnhancedLogger - Force killing any hanging Chrome processes
2025-05-26 19:33:49.984 [main] INFO  config.EnhancedLogger - Default submission type not found in config.json, using hardcoded value
2025-05-26 19:33:49.990 [main] INFO  config.EnhancedLogger - Configuration loaded successfully from JSON
2025-05-26 19:33:53.621 [main] INFO  config.EnhancedLogger - Browser started: CHROME v with implicit wait: 30s
2025-05-26 19:34:41.598 [main] INFO  config.EnhancedLogger - Closing browser
2025-05-26 19:34:42.398 [main] INFO  config.EnhancedLogger - Force killing any hanging Chrome processes
2025-05-26 19:38:39.724 [main] INFO  config.EnhancedLogger - Default submission type not found in config.json, using hardcoded value
2025-05-26 19:38:39.729 [main] INFO  config.EnhancedLogger - Configuration loaded successfully from JSON
2025-05-26 19:38:43.134 [main] INFO  config.EnhancedLogger - Browser started: CHROME v with implicit wait: 30s
2025-05-26 19:42:02.930 [main] INFO  config.EnhancedLogger - Default submission type not found in config.json, using hardcoded value
2025-05-26 19:42:02.935 [main] INFO  config.EnhancedLogger - Configuration loaded successfully from JSON
2025-05-26 19:42:06.612 [main] INFO  config.EnhancedLogger - Browser started: CHROME v with implicit wait: 30s
2025-05-26 19:42:58.650 [main] INFO  config.EnhancedLogger - Closing browser
2025-05-26 19:42:59.488 [main] INFO  config.EnhancedLogger - Force killing any hanging Chrome processes
2025-05-26 19:44:21.462 [main] INFO  config.EnhancedLogger - Default submission type not found in config.json, using hardcoded value
2025-05-26 19:44:21.468 [main] INFO  config.EnhancedLogger - Configuration loaded successfully from JSON
2025-05-26 19:44:25.354 [main] INFO  config.EnhancedLogger - Browser started: CHROME v with implicit wait: 30s
2025-05-26 19:46:00.443 [main] INFO  config.EnhancedLogger - Default submission type not found in config.json, using hardcoded value
2025-05-26 19:46:00.447 [main] INFO  config.EnhancedLogger - Configuration loaded successfully from JSON
2025-05-26 19:46:04.036 [main] INFO  config.EnhancedLogger - Browser started: CHROME v with implicit wait: 30s
2025-05-26 19:46:48.945 [main] INFO  config.EnhancedLogger - Closing browser
2025-05-26 19:46:53.516 [main] ERROR config.EnhancedLogger - Error quitting driver: java.net.ConnectException: Failed to connect to localhost/0:0:0:0:0:0:0:1:45328
Build info: version: '3.141.59', revision: 'e82be7d358', time: '2018-11-14T08:17:03'
System info: host: 'LIDIJA', ip: '172.35.0.166', os.name: 'Windows 10', os.arch: 'amd64', os.version: '10.0', java.version: '1.8.0_202'
Driver info: driver.version: RemoteWebDriver
2025-05-26 19:46:53.516 [main] INFO  config.EnhancedLogger - Force killing any hanging Chrome processes
2025-05-26 19:47:32.460 [main] INFO  config.EnhancedLogger - Default submission type not found in config.json, using hardcoded value
2025-05-26 19:47:32.465 [main] INFO  config.EnhancedLogger - Configuration loaded successfully from JSON
2025-05-26 19:47:36.191 [main] INFO  config.EnhancedLogger - Browser started: CHROME v with implicit wait: 30s
2025-05-26 19:48:35.311 [main] INFO  config.EnhancedLogger - Closing browser
2025-05-26 19:48:39.865 [main] ERROR config.EnhancedLogger - Error quitting driver: java.net.ConnectException: Failed to connect to localhost/0:0:0:0:0:0:0:1:3214
Build info: version: '3.141.59', revision: 'e82be7d358', time: '2018-11-14T08:17:03'
System info: host: 'LIDIJA', ip: '172.35.0.166', os.name: 'Windows 10', os.arch: 'amd64', os.version: '10.0', java.version: '1.8.0_202'
Driver info: driver.version: RemoteWebDriver
2025-05-26 19:48:39.866 [main] INFO  config.EnhancedLogger - Force killing any hanging Chrome processes
2025-05-26 19:51:09.625 [main] INFO  config.EnhancedLogger - Default submission type not found in config.json, using hardcoded value
2025-05-26 19:51:09.630 [main] INFO  config.EnhancedLogger - Configuration loaded successfully from JSON
2025-05-26 19:51:13.232 [main] INFO  config.EnhancedLogger - Browser started: CHROME v with implicit wait: 30s
2025-05-26 19:52:05.752 [main] INFO  config.EnhancedLogger - Closing browser
2025-05-26 19:52:06.670 [main] INFO  config.EnhancedLogger - Force killing any hanging Chrome processes
2025-05-26 19:54:00.560 [main] INFO  config.EnhancedLogger - Default submission type not found in config.json, using hardcoded value
2025-05-26 19:54:00.565 [main] INFO  config.EnhancedLogger - Configuration loaded successfully from JSON
2025-05-26 19:54:04.228 [main] INFO  config.EnhancedLogger - Browser started: CHROME v with implicit wait: 30s
2025-05-26 19:55:10.514 [main] INFO  config.EnhancedLogger - Closing browser
2025-05-26 19:55:15.059 [main] ERROR config.EnhancedLogger - Error quitting driver: java.net.ConnectException: Failed to connect to localhost/0:0:0:0:0:0:0:1:37328
Build info: version: '3.141.59', revision: 'e82be7d358', time: '2018-11-14T08:17:03'
System info: host: 'LIDIJA', ip: '172.35.0.166', os.name: 'Windows 10', os.arch: 'amd64', os.version: '10.0', java.version: '1.8.0_202'
Driver info: driver.version: RemoteWebDriver
2025-05-26 19:55:15.060 [main] INFO  config.EnhancedLogger - Force killing any hanging Chrome processes
2025-05-26 19:55:59.396 [main] INFO  config.EnhancedLogger - Default submission type not found in config.json, using hardcoded value
2025-05-26 19:55:59.401 [main] INFO  config.EnhancedLogger - Configuration loaded successfully from JSON
2025-05-26 19:56:02.928 [main] INFO  config.EnhancedLogger - Browser started: CHROME v with implicit wait: 30s
2025-05-26 19:56:44.132 [main] INFO  config.EnhancedLogger - Closing browser
2025-05-26 19:56:48.697 [main] ERROR config.EnhancedLogger - Error quitting driver: java.net.ConnectException: Failed to connect to localhost/0:0:0:0:0:0:0:1:10654
Build info: version: '3.141.59', revision: 'e82be7d358', time: '2018-11-14T08:17:03'
System info: host: 'LIDIJA', ip: '172.35.0.166', os.name: 'Windows 10', os.arch: 'amd64', os.version: '10.0', java.version: '1.8.0_202'
Driver info: driver.version: RemoteWebDriver
2025-05-26 19:56:48.698 [main] INFO  config.EnhancedLogger - Force killing any hanging Chrome processes
2025-05-26 19:59:48.059 [main] INFO  config.EnhancedLogger - Default submission type not found in config.json, using hardcoded value
2025-05-26 19:59:48.065 [main] INFO  config.EnhancedLogger - Configuration loaded successfully from JSON
2025-05-26 19:59:51.420 [main] INFO  config.EnhancedLogger - Browser started: CHROME v with implicit wait: 30s
2025-05-26 20:02:58.035 [main] INFO  config.EnhancedLogger - Closing browser
2025-05-26 20:02:59.307 [main] INFO  config.EnhancedLogger - Force killing any hanging Chrome processes
2025-05-26 20:05:30.969 [main] INFO  config.EnhancedLogger - Default submission type not found in config.json, using hardcoded value
2025-05-26 20:05:30.974 [main] INFO  config.EnhancedLogger - Configuration loaded successfully from JSON
2025-05-26 20:05:34.565 [main] INFO  config.EnhancedLogger - Browser started: CHROME v with implicit wait: 30s
2025-05-26 20:10:01.578 [main] INFO  config.EnhancedLogger - Closing browser
2025-05-26 20:10:02.830 [main] INFO  config.EnhancedLogger - Force killing any hanging Chrome processes
2025-05-26 20:13:59.150 [main] INFO  config.EnhancedLogger - Default submission type not found in config.json, using hardcoded value
2025-05-26 20:13:59.156 [main] INFO  config.EnhancedLogger - Configuration loaded successfully from JSON
2025-05-26 20:14:02.646 [main] INFO  config.EnhancedLogger - Browser started: CHROME v with implicit wait: 30s
2025-05-26 20:15:02.768 [main] INFO  config.EnhancedLogger - Closing browser
2025-05-26 20:15:03.557 [main] INFO  config.EnhancedLogger - Force killing any hanging Chrome processes
2025-05-26 20:17:56.634 [main] INFO  config.EnhancedLogger - Default submission type not found in config.json, using hardcoded value
2025-05-26 20:17:56.639 [main] INFO  config.EnhancedLogger - Configuration loaded successfully from JSON
2025-05-26 20:18:00.186 [main] INFO  config.EnhancedLogger - Browser started: CHROME v with implicit wait: 30s
2025-05-26 20:18:17.957 [main] INFO  config.EnhancedLogger - Closing browser
2025-05-26 20:18:18.798 [main] INFO  config.EnhancedLogger - Force killing any hanging Chrome processes
2025-05-26 20:19:19.898 [main] INFO  config.EnhancedLogger - Default submission type not found in config.json, using hardcoded value
2025-05-26 20:19:19.905 [main] INFO  config.EnhancedLogger - Configuration loaded successfully from JSON
2025-05-26 20:19:23.511 [main] INFO  config.EnhancedLogger - Browser started: CHROME v with implicit wait: 30s
2025-05-26 20:20:03.070 [main] INFO  config.EnhancedLogger - Closing browser
2025-05-26 20:20:03.854 [main] INFO  config.EnhancedLogger - Force killing any hanging Chrome processes
2025-05-26 20:27:32.904 [main] INFO  config.EnhancedLogger - Default submission type not found in config.json, using hardcoded value
2025-05-26 20:27:32.909 [main] INFO  config.EnhancedLogger - Configuration loaded successfully from JSON
2025-05-26 20:27:36.401 [main] INFO  config.EnhancedLogger - Browser started: CHROME v with implicit wait: 30s
2025-05-26 20:39:15.508 [main] INFO  config.EnhancedLogger - Default submission type not found in config.json, using hardcoded value
2025-05-26 20:39:15.512 [main] INFO  config.EnhancedLogger - Configuration loaded successfully from JSON
2025-05-26 20:39:19.194 [main] INFO  config.EnhancedLogger - Browser started: CHROME v with implicit wait: 30s
2025-05-26 20:43:33.526 [main] INFO  config.EnhancedLogger - Closing browser
2025-05-26 20:43:34.897 [main] INFO  config.EnhancedLogger - Force killing any hanging Chrome processes
2025-05-26 20:46:21.101 [main] INFO  config.EnhancedLogger - Default submission type not found in config.json, using hardcoded value
2025-05-26 20:46:21.107 [main] INFO  config.EnhancedLogger - Configuration loaded successfully from JSON
2025-05-26 20:46:24.715 [main] INFO  config.EnhancedLogger - Browser started: CHROME v with implicit wait: 30s
2025-05-26 20:49:06.437 [main] INFO  config.EnhancedLogger - Closing browser
2025-05-26 20:49:07.271 [main] INFO  config.EnhancedLogger - Force killing any hanging Chrome processes
2025-05-26 20:52:10.483 [main] INFO  config.EnhancedLogger - Default submission type not found in config.json, using hardcoded value
2025-05-26 20:52:10.489 [main] INFO  config.EnhancedLogger - Configuration loaded successfully from JSON
2025-05-26 20:52:14.111 [main] INFO  config.EnhancedLogger - Browser started: CHROME v with implicit wait: 30s
2025-05-26 20:53:33.928 [main] INFO  config.EnhancedLogger - Closing browser
2025-05-26 20:53:34.767 [main] INFO  config.EnhancedLogger - Force killing any hanging Chrome processes
2025-05-26 20:54:59.217 [main] INFO  config.EnhancedLogger - Default submission type not found in config.json, using hardcoded value
2025-05-26 20:54:59.222 [main] INFO  config.EnhancedLogger - Configuration loaded successfully from JSON
2025-05-26 20:55:02.982 [main] INFO  config.EnhancedLogger - Browser started: CHROME v with implicit wait: 30s
2025-05-26 20:56:08.917 [main] INFO  config.EnhancedLogger - Default submission type not found in config.json, using hardcoded value
2025-05-26 20:56:08.923 [main] INFO  config.EnhancedLogger - Configuration loaded successfully from JSON
2025-05-26 20:56:12.550 [main] INFO  config.EnhancedLogger - Browser started: CHROME v with implicit wait: 30s
2025-05-26 20:59:32.264 [main] INFO  config.EnhancedLogger - Extracted Premium Cost: $ 4,281.60
2025-05-26 20:59:44.115 [main] INFO  config.EnhancedLogger - Closing browser
2025-05-26 20:59:45.339 [main] INFO  config.EnhancedLogger - Force killing any hanging Chrome processes
2025-05-26 21:01:06.330 [main] INFO  config.EnhancedLogger - Default submission type not found in config.json, using hardcoded value
2025-05-26 21:01:06.336 [main] INFO  config.EnhancedLogger - Configuration loaded successfully from JSON
2025-05-26 21:01:10.021 [main] INFO  config.EnhancedLogger - Browser started: CHROME v with implicit wait: 30s
2025-05-26 21:04:28.972 [main] INFO  config.EnhancedLogger - Extracted Premium Cost: $ 4,281.60
2025-05-26 21:04:41.938 [main] INFO  config.EnhancedLogger - Closing browser
2025-05-26 21:04:43.199 [main] INFO  config.EnhancedLogger - Force killing any hanging Chrome processes
